kevenmen@node0:~/ApkVulFuzz/scripts$ ./test-post-fuzzing.sh /users/kevenmen/droidbot/ /users/kevenmen/fuzzing_run_2/corpus/
=== Testing: /users/kevenmen/fuzzing_run_2/corpus//ademar-textlauncher-10.apk ===
>>>>> (Start) Test /users/kevenmen/fuzzing_run_2/corpus//ademar-textlauncher-10.apk with /users/kevenmen/droidbot/ <<<<<
>> (Info) ZIP OK
>> (Info) APK Summary is Valid
>> (Info) emulation is OK
1
WARNING: META-INF/com/android/build/gradle/app-metadata.properties not protected by signature. Unauthorized modifications to this JAR entry will not be detected. Delete or move the entry outside of META-INF/.
WARNING: META-INF/version-control-info.textproto not protected by signature. Unauthorized modifications to this JAR entry will not be detected. Delete or move the entry outside of META-INF/.
>>>>>>>>>>>>>>>>>>>>

=== Testing: /users/kevenmen/fuzzing_run_2/corpus//com-gcstar-scanner-1.apk ===
>>>>> (Start) Test /users/kevenmen/fuzzing_run_2/corpus//com-gcstar-scanner-1.apk with /users/kevenmen/droidbot/ <<<<<
>> (Info) ZIP OK
>> (Info) APK Summary is Valid
>> (Info) emulation is OK
9
>>>>>>>>>>>>>>>>>>>>

=== Testing: /users/kevenmen/fuzzing_run_2/corpus//com-gcstar-viewer-12.apk ===
>>>>> (Start) Test /users/kevenmen/fuzzing_run_2/corpus//com-gcstar-viewer-12.apk with /users/kevenmen/droidbot/ <<<<<
>> (Info) ZIP OK
>> (Info) APK Summary is Valid
>> (Info) emulation is OK
10
WARNING: META-INF/buildserverid not protected by signature. Unauthorized modifications to this JAR entry will not be detected. Delete or move the entry outside of META-INF/.
WARNING: META-INF/fdroidserverid not protected by signature. Unauthorized modifications to this JAR entry will not be detected. Delete or move the entry outside of META-INF/.
>>>>>>>>>>>>>>>>>>>>

=== Testing: /users/kevenmen/fuzzing_run_2/corpus//com-java-SmokeReducer-1.apk ===
>>>>> (Start) Test /users/kevenmen/fuzzing_run_2/corpus//com-java-SmokeReducer-1.apk with /users/kevenmen/droidbot/ <<<<<
>> (Info) ZIP OK
>> (Info) APK Summary is Valid
>> (Info) emulation is OK
10
>>>>>>>>>>>>>>>>>>>>

=== Testing: /users/kevenmen/fuzzing_run_2/corpus//com-martinmimigames-simplefileexplorer-20.apk ===
>>>>> (Start) Test /users/kevenmen/fuzzing_run_2/corpus//com-martinmimigames-simplefileexplorer-20.apk with /users/kevenmen/droidbot/ <<<<<
>> (Info) ZIP OK
>> (Info) APK Summary is Valid
>> (Info) emulation is OK
1
WARNING: META-INF/com/android/build/gradle/app-metadata.properties not protected by signature. Unauthorized modifications to this JAR entry will not be detected. Delete or move the entry outside of META-INF/.
>>>>>>>>>>>>>>>>>>>>

=== Testing: /users/kevenmen/fuzzing_run_2/corpus//com-omgodse-notally-56.apk ===
>>>>> (Start) Test /users/kevenmen/fuzzing_run_2/corpus//com-omgodse-notally-56.apk with /users/kevenmen/droidbot/ <<<<<
>> (Info) ZIP OK
>> (Info) APK Summary is Valid
>> (Info) emulation is BROKEN

=== Testing: /users/kevenmen/fuzzing_run_2/corpus//com-page-bizzle-2.apk ===
>>>>> (Start) Test /users/kevenmen/fuzzing_run_2/corpus//com-page-bizzle-2.apk with /users/kevenmen/droidbot/ <<<<<
>> (Info) ZIP OK
>> (Info) APK Summary is Valid
>> (Info) emulation is BROKEN

=== Testing: /users/kevenmen/fuzzing_run_2/corpus//com-trianguloy-clipboardeditor-9.apk ===
>>>>> (Start) Test /users/kevenmen/fuzzing_run_2/corpus//com-trianguloy-clipboardeditor-9.apk with /users/kevenmen/droidbot/ <<<<<
>> (Info) ZIP OK
>> (Info) APK Summary is Valid
>> (Info) emulation is BROKEN

=== Testing: /users/kevenmen/fuzzing_run_2/corpus//dev-pranav-applock-221.apk ===
>>>>> (Start) Test /users/kevenmen/fuzzing_run_2/corpus//dev-pranav-applock-221.apk with /users/kevenmen/droidbot/ <<<<<
>> (Info) ZIP OK
>> (Info) APK Summary is Valid
>> (Info) emulation is BROKEN

=== Testing: /users/kevenmen/fuzzing_run_2/corpus//dubrowgn-wattz-20.apk ===
>>>>> (Start) Test /users/kevenmen/fuzzing_run_2/corpus//dubrowgn-wattz-20.apk with /users/kevenmen/droidbot/ <<<<<
>> (Info) ZIP OK
>> (Info) APK Summary is Valid
^[[D^[[D^[[D^[[D 
>> (Info) emulation is OK
1
>>>>>>>>>>>>>>>>>>>>

=== Testing: /users/kevenmen/fuzzing_run_2/corpus//eu-hxreborn-remembermysort-300.apk ===
>>>>> (Start) Test /users/kevenmen/fuzzing_run_2/corpus//eu-hxreborn-remembermysort-300.apk with /users/kevenmen/droidbot/ <<<<<
>> (Info) ZIP OK
>> (Info) APK Summary is Valid
^[[A>> (Info) emulation is BROKEN

=== Testing: /users/kevenmen/fuzzing_run_2/corpus//F-Droid.apk ===
>>>>> (Start) Test /users/kevenmen/fuzzing_run_2/corpus//F-Droid.apk with /users/kevenmen/droidbot/ <<<<<
^[[A>> (Info) ZIP OK
>> (Info) APK Summary is Valid

>> (Info) emulation is OK
INFO:Device:App installed: org.fdroid.fdroid
1
WARNING: META-INF/com/android/build/gradle/app-metadata.properties not protected by signature. Unauthorized modifications to this JAR entry will not be detected. Delete or move the entry outside of META-INF/.
WARNING: META-INF/version-control-info.textproto not protected by signature. Unauthorized modifications to this JAR entry will not be detected. Delete or move the entry outside of META-INF/.
WARNING: META-INF/androidx/annotation/annotation/LICENSE.txt not protected by signature. Unauthorized modifications to this JAR entry will not be detected. Delete or move the entry outside of META-INF/.
WARNING: META-INF/androidx/constraintlayout/constraintlayout-core/LICENSE.txt not protected by signature. Unauthorized modifications to this JAR entry will not be detected. Delete or move the entry outside of META-INF/.
WARNING: META-INF/app_fullRelease.kotlin_module not protected by signature. Unauthorized modifications to this JAR entry will not be detected. Delete or move the entry outside of META-INF/.
WARNING: META-INF/database_release.kotlin_module not protected by signature. Unauthorized modifications to this JAR entry will not be detected. Delete or move the entry outside of META-INF/.
WARNING: META-INF/download_release.kotlin_module not protected by signature. Unauthorized modifications to this JAR entry will not be detected. Delete or move the entry outside of META-INF/.
WARNING: META-INF/index_release.kotlin_module not protected by signature. Unauthorized modifications to this JAR entry will not be detected. Delete or move the entry outside of META-INF/.
WARNING: META-INF/services/javax.annotation.processing.Processor not protected by signature. Unauthorized modifications to this JAR entry will not be detected. Delete or move the entry outside of META-INF/.
WARNING: META-INF/services/kotlin.reflect.jvm.internal.impl.builtins.BuiltInsLoader not protected by signature. Unauthorized modifications to this JAR entry will not be detected. Delete or move the entry outside of META-INF/.
WARNING: META-INF/services/kotlin.reflect.jvm.internal.impl.resolve.ExternalOverridabilityCondition not protected by signature. Unauthorized modifications to this JAR entry will not be detected. Delete or move the entry outside of META-INF/.
WARNING: META-INF/services/kotlinx.coroutines.CoroutineExceptionHandler not protected by signature. Unauthorized modifications to this JAR entry will not be detected. Delete or move the entry outside of META-INF/.
WARNING: META-INF/services/kotlinx.coroutines.internal.MainDispatcherFactory not protected by signature. Unauthorized modifications to this JAR entry will not be detected. Delete or move the entry outside of META-INF/.
WARNING: META-INF/services/org.acra.collector.Collector not protected by signature. Unauthorized modifications to this JAR entry will not be detected. Delete or move the entry outside of META-INF/.
WARNING: META-INF/services/org.acra.interaction.ReportInteraction not protected by signature. Unauthorized modifications to this JAR entry will not be detected. Delete or move the entry outside of META-INF/.
WARNING: META-INF/services/org.acra.sender.ReportSenderFactory not protected by signature. Unauthorized modifications to this JAR entry will not be detected. Delete or move the entry outside of META-INF/.
WARNING: META-INF/services/org.acra.startup.StartupProcessor not protected by signature. Unauthorized modifications to this JAR entry will not be detected. Delete or move the entry outside of META-INF/.
WARNING: META-INF/services/org.slf4j.spi.SLF4JServiceProvider not protected by signature. Unauthorized modifications to this JAR entry will not be detected. Delete or move the entry outside of META-INF/.
WARNING: META-INF/ui_release.kotlin_module not protected by signature. Unauthorized modifications to this JAR entry will not be detected. Delete or move the entry outside of META-INF/.
>>>>>>>>>>>>>>>>>>>>

=== Testing: /users/kevenmen/fuzzing_run_2/corpus//flashlight.apk ===
>>>>> (Start) Test /users/kevenmen/fuzzing_run_2/corpus//flashlight.apk with /users/kevenmen/droidbot/ <<<<<
>> (Info) ZIP OK
>> (Info) APK Summary is Valid
>> (Info) emulation is OK
1
WARNING: META-INF/com/android/build/gradle/app-metadata.properties not protected by signature. Unauthorized modifications to this JAR entry will not be detected. Delete or move the entry outside of META-INF/.
WARNING: META-INF/INDEX.LIST not protected by signature. Unauthorized modifications to this JAR entry will not be detected. Delete or move the entry outside of META-INF/.
WARNING: META-INF/androidx.activity_activity.version not protected by signature. Unauthorized modifications to this JAR entry will not be detected. Delete or move the entry outside of META-INF/.
WARNING: META-INF/androidx.annotation_annotation-experimental.version not protected by signature. Unauthorized modifications to this JAR entry will not be detected. Delete or move the entry outside of META-INF/.
WARNING: META-INF/androidx.appcompat_appcompat-resources.version not protected by signature. Unauthorized modifications to this JAR entry will not be detected. Delete or move the entry outside of META-INF/.
WARNING: META-INF/androidx.appcompat_appcompat.version not protected by signature. Unauthorized modifications to this JAR entry will not be detected. Delete or move the entry outside of META-INF/.
WARNING: META-INF/androidx.arch.core_core-runtime.version not protected by signature. Unauthorized modifications to this JAR entry will not be detected. Delete or move the entry outside of META-INF/.
WARNING: META-INF/androidx.asynclayoutinflater_asynclayoutinflater.version not protected by signature. Unauthorized modifications to this JAR entry will not be detected. Delete or move the entry outside of META-INF/.
WARNING: META-INF/androidx.browser_browser.version not protected by signature. Unauthorized modifications to this JAR entry will not be detected. Delete or move the entry outside of META-INF/.
WARNING: META-INF/androidx.cardview_cardview.version not protected by signature. Unauthorized modifications to this JAR entry will not be detected. Delete or move the entry outside of META-INF/.
WARNING: META-INF/androidx.coordinatorlayout_coordinatorlayout.version not protected by signature. Unauthorized modifications to this JAR entry will not be detected. Delete or move the entry outside of META-INF/.
WARNING: META-INF/androidx.core_core-ktx.version not protected by signature. Unauthorized modifications to this JAR entry will not be detected. Delete or move the entry outside of META-INF/.
WARNING: META-INF/androidx.core_core.version not protected by signature. Unauthorized modifications to this JAR entry will not be detected. Delete or move the entry outside of META-INF/.
WARNING: META-INF/androidx.cursoradapter_cursoradapter.version not protected by signature. Unauthorized modifications to this JAR entry will not be detected. Delete or move the entry outside of META-INF/.
WARNING: META-INF/androidx.customview_customview.version not protected by signature. Unauthorized modifications to this JAR entry will not be detected. Delete or move the entry outside of META-INF/.
WARNING: META-INF/androidx.datastore_datastore-preferences.version not protected by signature. Unauthorized modifications to this JAR entry will not be detected. Delete or move the entry outside of META-INF/.
WARNING: META-INF/androidx.datastore_datastore.version not protected by signature. Unauthorized modifications to this JAR entry will not be detected. Delete or move the entry outside of META-INF/.
WARNING: META-INF/androidx.documentfile_documentfile.version not protected by signature. Unauthorized modifications to this JAR entry will not be detected. Delete or move the entry outside of META-INF/.
WARNING: META-INF/androidx.drawerlayout_drawerlayout.version not protected by signature. Unauthorized modifications to this JAR entry will not be detected. Delete or move the entry outside of META-INF/.
WARNING: META-INF/androidx.fragment_fragment.version not protected by signature. Unauthorized modifications to this JAR entry will not be detected. Delete or move the entry outside of META-INF/.
WARNING: META-INF/androidx.interpolator_interpolator.version not protected by signature. Unauthorized modifications to this JAR entry will not be detected. Delete or move the entry outside of META-INF/.
WARNING: META-INF/androidx.legacy_legacy-support-core-ui.version not protected by signature. Unauthorized modifications to this JAR entry will not be detected. Delete or move the entry outside of META-INF/.
WARNING: META-INF/androidx.legacy_legacy-support-core-utils.version not protected by signature. Unauthorized modifications to this JAR entry will not be detected. Delete or move the entry outside of META-INF/.
WARNING: META-INF/androidx.legacy_legacy-support-v13.version not protected by signature. Unauthorized modifications to this JAR entry will not be detected. Delete or move the entry outside of META-INF/.
WARNING: META-INF/androidx.legacy_legacy-support-v4.version not protected by signature. Unauthorized modifications to this JAR entry will not be detected. Delete or move the entry outside of META-INF/.
WARNING: META-INF/androidx.lifecycle_lifecycle-livedata-core.version not protected by signature. Unauthorized modifications to this JAR entry will not be detected. Delete or move the entry outside of META-INF/.
WARNING: META-INF/androidx.lifecycle_lifecycle-livedata.version not protected by signature. Unauthorized modifications to this JAR entry will not be detected. Delete or move the entry outside of META-INF/.
WARNING: META-INF/androidx.lifecycle_lifecycle-process.version not protected by signature. Unauthorized modifications to this JAR entry will not be detected. Delete or move the entry outside of META-INF/.
WARNING: META-INF/androidx.lifecycle_lifecycle-runtime.version not protected by signature. Unauthorized modifications to this JAR entry will not be detected. Delete or move the entry outside of META-INF/.
WARNING: META-INF/androidx.lifecycle_lifecycle-service.version not protected by signature. Unauthorized modifications to this JAR entry will not be detected. Delete or move the entry outside of META-INF/.
WARNING: META-INF/androidx.lifecycle_lifecycle-viewmodel-savedstate.version not protected by signature. Unauthorized modifications to this JAR entry will not be detected. Delete or move the entry outside of META-INF/.
WARNING: META-INF/androidx.lifecycle_lifecycle-viewmodel.version not protected by signature. Unauthorized modifications to this JAR entry will not be detected. Delete or move the entry outside of META-INF/.
WARNING: META-INF/androidx.loader_loader.version not protected by signature. Unauthorized modifications to this JAR entry will not be detected. Delete or move the entry outside of META-INF/.
WARNING: META-INF/androidx.localbroadcastmanager_localbroadcastmanager.version not protected by signature. Unauthorized modifications to this JAR entry will not be detected. Delete or move the entry outside of META-INF/.
WARNING: META-INF/androidx.media_media.version not protected by signature. Unauthorized modifications to this JAR entry will not be detected. Delete or move the entry outside of META-INF/.
WARNING: META-INF/androidx.palette_palette.version not protected by signature. Unauthorized modifications to this JAR entry will not be detected. Delete or move the entry outside of META-INF/.
WARNING: META-INF/androidx.preference_preference.version not protected by signature. Unauthorized modifications to this JAR entry will not be detected. Delete or move the entry outside of META-INF/.
WARNING: META-INF/androidx.print_print.version not protected by signature. Unauthorized modifications to this JAR entry will not be detected. Delete or move the entry outside of META-INF/.
WARNING: META-INF/androidx.recyclerview_recyclerview.version not protected by signature. Unauthorized modifications to this JAR entry will not be detected. Delete or move the entry outside of META-INF/.
WARNING: META-INF/androidx.room_room-runtime.version not protected by signature. Unauthorized modifications to this JAR entry will not be detected. Delete or move the entry outside of META-INF/.
WARNING: META-INF/androidx.room_room-rxjava2.version not protected by signature. Unauthorized modifications to this JAR entry will not be detected. Delete or move the entry outside of META-INF/.
WARNING: META-INF/androidx.savedstate_savedstate.version not protected by signature. Unauthorized modifications to this JAR entry will not be detected. Delete or move the entry outside of META-INF/.
WARNING: META-INF/androidx.slidingpanelayout_slidingpanelayout.version not protected by signature. Unauthorized modifications to this JAR entry will not be detected. Delete or move the entry outside of META-INF/.
WARNING: META-INF/androidx.sqlite_sqlite-framework.version not protected by signature. Unauthorized modifications to this JAR entry will not be detected. Delete or move the entry outside of META-INF/.
WARNING: META-INF/androidx.sqlite_sqlite.version not protected by signature. Unauthorized modifications to this JAR entry will not be detected. Delete or move the entry outside of META-INF/.
WARNING: META-INF/androidx.startup_startup-runtime.version not protected by signature. Unauthorized modifications to this JAR entry will not be detected. Delete or move the entry outside of META-INF/.
WARNING: META-INF/androidx.swiperefreshlayout_swiperefreshlayout.version not protected by signature. Unauthorized modifications to this JAR entry will not be detected. Delete or move the entry outside of META-INF/.
WARNING: META-INF/androidx.tracing_tracing.version not protected by signature. Unauthorized modifications to this JAR entry will not be detected. Delete or move the entry outside of META-INF/.
WARNING: META-INF/androidx.transition_transition.version not protected by signature. Unauthorized modifications to this JAR entry will not be detected. Delete or move the entry outside of META-INF/.
WARNING: META-INF/androidx.vectordrawable_vectordrawable-animated.version not protected by signature. Unauthorized modifications to this JAR entry will not be detected. Delete or move the entry outside of META-INF/.
WARNING: META-INF/androidx.vectordrawable_vectordrawable.version not protected by signature. Unauthorized modifications to this JAR entry will not be detected. Delete or move the entry outside of META-INF/.
WARNING: META-INF/androidx.versionedparcelable_versionedparcelable.version not protected by signature. Unauthorized modifications to this JAR entry will not be detected. Delete or move the entry outside of META-INF/.
WARNING: META-INF/androidx.viewpager2_viewpager2.version not protected by signature. Unauthorized modifications to this JAR entry will not be detected. Delete or move the entry outside of META-INF/.
WARNING: META-INF/androidx.viewpager_viewpager.version not protected by signature. Unauthorized modifications to this JAR entry will not be detected. Delete or move the entry outside of META-INF/.
WARNING: META-INF/androidx.work_work-runtime-ktx.version not protected by signature. Unauthorized modifications to this JAR entry will not be detected. Delete or move the entry outside of META-INF/.
WARNING: META-INF/androidx.work_work-runtime.version not protected by signature. Unauthorized modifications to this JAR entry will not be detected. Delete or move the entry outside of META-INF/.
WARNING: META-INF/annotation-experimental_release.kotlin_module not protected by signature. Unauthorized modifications to this JAR entry will not be detected. Delete or move the entry outside of META-INF/.
WARNING: META-INF/annotation.kotlin_module not protected by signature. Unauthorized modifications to this JAR entry will not be detected. Delete or move the entry outside of META-INF/.
WARNING: META-INF/app_vanillaProdRelease.kotlin_module not protected by signature. Unauthorized modifications to this JAR entry will not be detected. Delete or move the entry outside of META-INF/.
WARNING: META-INF/appcoins.kotlin_module not protected by signature. Unauthorized modifications to this JAR entry will not be detected. Delete or move the entry outside of META-INF/.
WARNING: META-INF/aptoide-ab-testing.kotlin_module not protected by signature. Unauthorized modifications to this JAR entry will not be detected. Delete or move the entry outside of META-INF/.
WARNING: META-INF/aptoide-authentication-core.kotlin_module not protected by signature. Unauthorized modifications to this JAR entry will not be detected. Delete or move the entry outside of META-INF/.
WARNING: META-INF/aptoide-authentication-rx.kotlin_module not protected by signature. Unauthorized modifications to this JAR entry will not be detected. Delete or move the entry outside of META-INF/.
WARNING: META-INF/aptoide-views_prodRelease.kotlin_module not protected by signature. Unauthorized modifications to this JAR entry will not be detected. Delete or move the entry outside of META-INF/.
WARNING: META-INF/com.google.android.material_material.version not protected by signature. Unauthorized modifications to this JAR entry will not be detected. Delete or move the entry outside of META-INF/.
WARNING: META-INF/com.google.dagger_dagger.version not protected by signature. Unauthorized modifications to this JAR entry will not be detected. Delete or move the entry outside of META-INF/.
WARNING: META-INF/com.google.firebase-encoders-firebase-encoders-json.kotlin_module not protected by signature. Unauthorized modifications to this JAR entry will not be detected. Delete or move the entry outside of META-INF/.
WARNING: META-INF/com.google.firebase-firebase-common-ktx.kotlin_module not protected by signature. Unauthorized modifications to this JAR entry will not be detected. Delete or move the entry outside of META-INF/.
WARNING: META-INF/com.google.firebase-firebase-common.kotlin_module not protected by signature. Unauthorized modifications to this JAR entry will not be detected. Delete or move the entry outside of META-INF/.
WARNING: META-INF/com.google.firebase-firebase-crashlytics.kotlin_module not protected by signature. Unauthorized modifications to this JAR entry will not be detected. Delete or move the entry outside of META-INF/.
WARNING: META-INF/com.google.firebase-firebase-installations.kotlin_module not protected by signature. Unauthorized modifications to this JAR entry will not be detected. Delete or move the entry outside of META-INF/.
WARNING: META-INF/com.google.firebase-firebase-sessions.kotlin_module not protected by signature. Unauthorized modifications to this JAR entry will not be detected. Delete or move the entry outside of META-INF/.
WARNING: META-INF/compiler.common.jvm.kotlin_module not protected by signature. Unauthorized modifications to this JAR entry will not be detected. Delete or move the entry outside of META-INF/.
WARNING: META-INF/compiler.common.kotlin_module not protected by signature. Unauthorized modifications to this JAR entry will not be detected. Delete or move the entry outside of META-INF/.
WARNING: META-INF/core-ktx_release.kotlin_module not protected by signature. Unauthorized modifications to this JAR entry will not be detected. Delete or move the entry outside of META-INF/.
WARNING: META-INF/datastore-core.kotlin_module not protected by signature. Unauthorized modifications to this JAR entry will not be detected. Delete or move the entry outside of META-INF/.
WARNING: META-INF/datastore-preferences-core.kotlin_module not protected by signature. Unauthorized modifications to this JAR entry will not be detected. Delete or move the entry outside of META-INF/.
WARNING: META-INF/datastore-preferences-proto.kotlin_module not protected by signature. Unauthorized modifications to this JAR entry will not be detected. Delete or move the entry outside of META-INF/.
WARNING: META-INF/datastore-preferences_release.kotlin_module not protected by signature. Unauthorized modifications to this JAR entry will not be detected. Delete or move the entry outside of META-INF/.
WARNING: META-INF/datastore_release.kotlin_module not protected by signature. Unauthorized modifications to this JAR entry will not be detected. Delete or move the entry outside of META-INF/.
WARNING: META-INF/descriptors.jvm.kotlin_module not protected by signature. Unauthorized modifications to this JAR entry will not be detected. Delete or move the entry outside of META-INF/.
WARNING: META-INF/descriptors.kotlin_module not protected by signature. Unauthorized modifications to this JAR entry will not be detected. Delete or move the entry outside of META-INF/.
WARNING: META-INF/descriptors.runtime.kotlin_module not protected by signature. Unauthorized modifications to this JAR entry will not be detected. Delete or move the entry outside of META-INF/.
WARNING: META-INF/deserialization.common.jvm.kotlin_module not protected by signature. Unauthorized modifications to this JAR entry will not be detected. Delete or move the entry outside of META-INF/.
WARNING: META-INF/deserialization.common.kotlin_module not protected by signature. Unauthorized modifications to this JAR entry will not be detected. Delete or move the entry outside of META-INF/.
WARNING: META-INF/deserialization.kotlin_module not protected by signature. Unauthorized modifications to this JAR entry will not be detected. Delete or move the entry outside of META-INF/.
WARNING: META-INF/epoxy-adapter_release.kotlin_module not protected by signature. Unauthorized modifications to this JAR entry will not be detected. Delete or move the entry outside of META-INF/.
WARNING: META-INF/facebook-bolts_release.kotlin_module not protected by signature. Unauthorized modifications to this JAR entry will not be detected. Delete or move the entry outside of META-INF/.
WARNING: META-INF/facebook-common_release.kotlin_module not protected by signature. Unauthorized modifications to this JAR entry will not be detected. Delete or move the entry outside of META-INF/.
WARNING: META-INF/facebook-core_release.kotlin_module not protected by signature. Unauthorized modifications to this JAR entry will not be detected. Delete or move the entry outside of META-INF/.
WARNING: META-INF/facebook-login_release.kotlin_module not protected by signature. Unauthorized modifications to this JAR entry will not be detected. Delete or move the entry outside of META-INF/.
WARNING: META-INF/kotlin-android-extensions-runtime.kotlin_module not protected by signature. Unauthorized modifications to this JAR entry will not be detected. Delete or move the entry outside of META-INF/.
WARNING: META-INF/kotlin-reflection.kotlin_module not protected by signature. Unauthorized modifications to this JAR entry will not be detected. Delete or move the entry outside of META-INF/.
WARNING: META-INF/kotlin-stdlib-common.kotlin_module not protected by signature. Unauthorized modifications to this JAR entry will not be detected. Delete or move the entry outside of META-INF/.
WARNING: META-INF/kotlin-stdlib-jdk7.kotlin_module not protected by signature. Unauthorized modifications to this JAR entry will not be detected. Delete or move the entry outside of META-INF/.
WARNING: META-INF/kotlin-stdlib-jdk8.kotlin_module not protected by signature. Unauthorized modifications to this JAR entry will not be detected. Delete or move the entry outside of META-INF/.
WARNING: META-INF/kotlin-stdlib.kotlin_module not protected by signature. Unauthorized modifications to this JAR entry will not be detected. Delete or move the entry outside of META-INF/.
WARNING: META-INF/kotlinx-coroutines-android.kotlin_module not protected by signature. Unauthorized modifications to this JAR entry will not be detected. Delete or move the entry outside of META-INF/.
WARNING: META-INF/kotlinx-coroutines-core.kotlin_module not protected by signature. Unauthorized modifications to this JAR entry will not be detected. Delete or move the entry outside of META-INF/.
WARNING: META-INF/kotlinx-coroutines-play-services.kotlin_module not protected by signature. Unauthorized modifications to this JAR entry will not be detected. Delete or move the entry outside of META-INF/.
WARNING: META-INF/kotlinx-coroutines-reactive.kotlin_module not protected by signature. Unauthorized modifications to this JAR entry will not be detected. Delete or move the entry outside of META-INF/.
WARNING: META-INF/kotlinx-coroutines-rx2.kotlin_module not protected by signature. Unauthorized modifications to this JAR entry will not be detected. Delete or move the entry outside of META-INF/.
WARNING: META-INF/kotlinx_coroutines_android.version not protected by signature. Unauthorized modifications to this JAR entry will not be detected. Delete or move the entry outside of META-INF/.
WARNING: META-INF/kotlinx_coroutines_core.version not protected by signature. Unauthorized modifications to this JAR entry will not be detected. Delete or move the entry outside of META-INF/.
WARNING: META-INF/kotlinx_coroutines_play_services.version not protected by signature. Unauthorized modifications to this JAR entry will not be detected. Delete or move the entry outside of META-INF/.
WARNING: META-INF/kotlinx_coroutines_reactive.version not protected by signature. Unauthorized modifications to this JAR entry will not be detected. Delete or move the entry outside of META-INF/.
WARNING: META-INF/kotlinx_coroutines_rx2.version not protected by signature. Unauthorized modifications to this JAR entry will not be detected. Delete or move the entry outside of META-INF/.
WARNING: META-INF/metadata.jvm.kotlin_module not protected by signature. Unauthorized modifications to this JAR entry will not be detected. Delete or move the entry outside of META-INF/.
WARNING: META-INF/metadata.kotlin_module not protected by signature. Unauthorized modifications to this JAR entry will not be detected. Delete or move the entry outside of META-INF/.
WARNING: META-INF/moshi.kotlin_module not protected by signature. Unauthorized modifications to this JAR entry will not be detected. Delete or move the entry outside of META-INF/.
WARNING: META-INF/native-image/io.sentry/sentry/native-image.properties not protected by signature. Unauthorized modifications to this JAR entry will not be detected. Delete or move the entry outside of META-INF/.
WARNING: META-INF/okhttp-logging-interceptor.kotlin_module not protected by signature. Unauthorized modifications to this JAR entry will not be detected. Delete or move the entry outside of META-INF/.
WARNING: META-INF/okhttp.kotlin_module not protected by signature. Unauthorized modifications to this JAR entry will not be detected. Delete or move the entry outside of META-INF/.
WARNING: META-INF/okio.kotlin_module not protected by signature. Unauthorized modifications to this JAR entry will not be detected. Delete or move the entry outside of META-INF/.
WARNING: META-INF/reflect.kotlin_module not protected by signature. Unauthorized modifications to this JAR entry will not be detected. Delete or move the entry outside of META-INF/.
WARNING: META-INF/retrofit.kotlin_module not protected by signature. Unauthorized modifications to this JAR entry will not be detected. Delete or move the entry outside of META-INF/.
WARNING: META-INF/retrofit2-kotlin-coroutine-adapter.kotlin_module not protected by signature. Unauthorized modifications to this JAR entry will not be detected. Delete or move the entry outside of META-INF/.
WARNING: META-INF/services/com.fasterxml.jackson.core.JsonFactory not protected by signature. Unauthorized modifications to this JAR entry will not be detected. Delete or move the entry outside of META-INF/.
WARNING: META-INF/services/com.fasterxml.jackson.core.ObjectCodec not protected by signature. Unauthorized modifications to this JAR entry will not be detected. Delete or move the entry outside of META-INF/.
WARNING: META-INF/services/kotlin.f0.y.e.j0.b.a not protected by signature. Unauthorized modifications to this JAR entry will not be detected. Delete or move the entry outside of META-INF/.
WARNING: META-INF/services/kotlin.f0.y.e.j0.i.e not protected by signature. Unauthorized modifications to this JAR entry will not be detected. Delete or move the entry outside of META-INF/.
WARNING: META-INF/services/kotlinx.coroutines.internal.u not protected by signature. Unauthorized modifications to this JAR entry will not be detected. Delete or move the entry outside of META-INF/.
WARNING: META-INF/services/kotlinx.coroutines.j0 not protected by signature. Unauthorized modifications to this JAR entry will not be detected. Delete or move the entry outside of META-INF/.
WARNING: META-INF/util.runtime.kotlin_module not protected by signature. Unauthorized modifications to this JAR entry will not be detected. Delete or move the entry outside of META-INF/.
WARNING: META-INF/work-runtime-ktx_release.kotlin_module not protected by signature. Unauthorized modifications to this JAR entry will not be detected. Delete or move the entry outside of META-INF/.
WARNING: META-INF/work-runtime_release.kotlin_module not protected by signature. Unauthorized modifications to this JAR entry will not be detected. Delete or move the entry outside of META-INF/.
>>>>>>>>>>>>>>>>>>>>

=== Testing: /users/kevenmen/fuzzing_run_2/corpus//happymod.apk ===
>>>>> (Start) Test /users/kevenmen/fuzzing_run_2/corpus//happymod.apk with /users/kevenmen/droidbot/ <<<<<
>> (Info) ZIP OK
>> (Info) APK Summary is Valid
>> (Info) emulation is OK
1
WARNING: META-INF/com/android/build/gradle/app-metadata.properties not protected by signature. Unauthorized modifications to this JAR entry will not be detected. Delete or move the entry outside of META-INF/.
WARNING: META-INF/INDEX.LIST not protected by signature. Unauthorized modifications to this JAR entry will not be detected. Delete or move the entry outside of META-INF/.
WARNING: META-INF/androidx.activity_activity.version not protected by signature. Unauthorized modifications to this JAR entry will not be detected. Delete or move the entry outside of META-INF/.
WARNING: META-INF/androidx.annotation_annotation-experimental.version not protected by signature. Unauthorized modifications to this JAR entry will not be detected. Delete or move the entry outside of META-INF/.
WARNING: META-INF/androidx.appcompat_appcompat-resources.version not protected by signature. Unauthorized modifications to this JAR entry will not be detected. Delete or move the entry outside of META-INF/.
WARNING: META-INF/androidx.appcompat_appcompat.version not protected by signature. Unauthorized modifications to this JAR entry will not be detected. Delete or move the entry outside of META-INF/.
WARNING: META-INF/androidx.arch.core_core-runtime.version not protected by signature. Unauthorized modifications to this JAR entry will not be detected. Delete or move the entry outside of META-INF/.
WARNING: META-INF/androidx.asynclayoutinflater_asynclayoutinflater.version not protected by signature. Unauthorized modifications to this JAR entry will not be detected. Delete or move the entry outside of META-INF/.
WARNING: META-INF/androidx.browser_browser.version not protected by signature. Unauthorized modifications to this JAR entry will not be detected. Delete or move the entry outside of META-INF/.
WARNING: META-INF/androidx.cardview_cardview.version not protected by signature. Unauthorized modifications to this JAR entry will not be detected. Delete or move the entry outside of META-INF/.
WARNING: META-INF/androidx.coordinatorlayout_coordinatorlayout.version not protected by signature. Unauthorized modifications to this JAR entry will not be detected. Delete or move the entry outside of META-INF/.
WARNING: META-INF/androidx.core_core-ktx.version not protected by signature. Unauthorized modifications to this JAR entry will not be detected. Delete or move the entry outside of META-INF/.
WARNING: META-INF/androidx.core_core.version not protected by signature. Unauthorized modifications to this JAR entry will not be detected. Delete or move the entry outside of META-INF/.
WARNING: META-INF/androidx.cursoradapter_cursoradapter.version not protected by signature. Unauthorized modifications to this JAR entry will not be detected. Delete or move the entry outside of META-INF/.
WARNING: META-INF/androidx.customview_customview.version not protected by signature. Unauthorized modifications to this JAR entry will not be detected. Delete or move the entry outside of META-INF/.
WARNING: META-INF/androidx.datastore_datastore-preferences.version not protected by signature. Unauthorized modifications to this JAR entry will not be detected. Delete or move the entry outside of META-INF/.
WARNING: META-INF/androidx.datastore_datastore.version not protected by signature. Unauthorized modifications to this JAR entry will not be detected. Delete or move the entry outside of META-INF/.
WARNING: META-INF/androidx.documentfile_documentfile.version not protected by signature. Unauthorized modifications to this JAR entry will not be detected. Delete or move the entry outside of META-INF/.
WARNING: META-INF/androidx.drawerlayout_drawerlayout.version not protected by signature. Unauthorized modifications to this JAR entry will not be detected. Delete or move the entry outside of META-INF/.
WARNING: META-INF/androidx.fragment_fragment.version not protected by signature. Unauthorized modifications to this JAR entry will not be detected. Delete or move the entry outside of META-INF/.
WARNING: META-INF/androidx.interpolator_interpolator.version not protected by signature. Unauthorized modifications to this JAR entry will not be detected. Delete or move the entry outside of META-INF/.
WARNING: META-INF/androidx.legacy_legacy-support-core-ui.version not protected by signature. Unauthorized modifications to this JAR entry will not be detected. Delete or move the entry outside of META-INF/.
WARNING: META-INF/androidx.legacy_legacy-support-core-utils.version not protected by signature. Unauthorized modifications to this JAR entry will not be detected. Delete or move the entry outside of META-INF/.
WARNING: META-INF/androidx.legacy_legacy-support-v13.version not protected by signature. Unauthorized modifications to this JAR entry will not be detected. Delete or move the entry outside of META-INF/.
WARNING: META-INF/androidx.legacy_legacy-support-v4.version not protected by signature. Unauthorized modifications to this JAR entry will not be detected. Delete or move the entry outside of META-INF/.
WARNING: META-INF/androidx.lifecycle_lifecycle-livedata-core.version not protected by signature. Unauthorized modifications to this JAR entry will not be detected. Delete or move the entry outside of META-INF/.
WARNING: META-INF/androidx.lifecycle_lifecycle-livedata.version not protected by signature. Unauthorized modifications to this JAR entry will not be detected. Delete or move the entry outside of META-INF/.
WARNING: META-INF/androidx.lifecycle_lifecycle-process.version not protected by signature. Unauthorized modifications to this JAR entry will not be detected. Delete or move the entry outside of META-INF/.
WARNING: META-INF/androidx.lifecycle_lifecycle-runtime.version not protected by signature. Unauthorized modifications to this JAR entry will not be detected. Delete or move the entry outside of META-INF/.
WARNING: META-INF/androidx.lifecycle_lifecycle-service.version not protected by signature. Unauthorized modifications to this JAR entry will not be detected. Delete or move the entry outside of META-INF/.
WARNING: META-INF/androidx.lifecycle_lifecycle-viewmodel-savedstate.version not protected by signature. Unauthorized modifications to this JAR entry will not be detected. Delete or move the entry outside of META-INF/.
WARNING: META-INF/androidx.lifecycle_lifecycle-viewmodel.version not protected by signature. Unauthorized modifications to this JAR entry will not be detected. Delete or move the entry outside of META-INF/.
WARNING: META-INF/androidx.loader_loader.version not protected by signature. Unauthorized modifications to this JAR entry will not be detected. Delete or move the entry outside of META-INF/.
WARNING: META-INF/androidx.localbroadcastmanager_localbroadcastmanager.version not protected by signature. Unauthorized modifications to this JAR entry will not be detected. Delete or move the entry outside of META-INF/.
WARNING: META-INF/androidx.media_media.version not protected by signature. Unauthorized modifications to this JAR entry will not be detected. Delete or move the entry outside of META-INF/.
WARNING: META-INF/androidx.palette_palette.version not protected by signature. Unauthorized modifications to this JAR entry will not be detected. Delete or move the entry outside of META-INF/.
WARNING: META-INF/androidx.preference_preference.version not protected by signature. Unauthorized modifications to this JAR entry will not be detected. Delete or move the entry outside of META-INF/.
WARNING: META-INF/androidx.print_print.version not protected by signature. Unauthorized modifications to this JAR entry will not be detected. Delete or move the entry outside of META-INF/.
WARNING: META-INF/androidx.recyclerview_recyclerview.version not protected by signature. Unauthorized modifications to this JAR entry will not be detected. Delete or move the entry outside of META-INF/.
WARNING: META-INF/androidx.room_room-runtime.version not protected by signature. Unauthorized modifications to this JAR entry will not be detected. Delete or move the entry outside of META-INF/.
WARNING: META-INF/androidx.room_room-rxjava2.version not protected by signature. Unauthorized modifications to this JAR entry will not be detected. Delete or move the entry outside of META-INF/.
WARNING: META-INF/androidx.savedstate_savedstate.version not protected by signature. Unauthorized modifications to this JAR entry will not be detected. Delete or move the entry outside of META-INF/.
WARNING: META-INF/androidx.slidingpanelayout_slidingpanelayout.version not protected by signature. Unauthorized modifications to this JAR entry will not be detected. Delete or move the entry outside of META-INF/.
WARNING: META-INF/androidx.sqlite_sqlite-framework.version not protected by signature. Unauthorized modifications to this JAR entry will not be detected. Delete or move the entry outside of META-INF/.
WARNING: META-INF/androidx.sqlite_sqlite.version not protected by signature. Unauthorized modifications to this JAR entry will not be detected. Delete or move the entry outside of META-INF/.
WARNING: META-INF/androidx.startup_startup-runtime.version not protected by signature. Unauthorized modifications to this JAR entry will not be detected. Delete or move the entry outside of META-INF/.
WARNING: META-INF/androidx.swiperefreshlayout_swiperefreshlayout.version not protected by signature. Unauthorized modifications to this JAR entry will not be detected. Delete or move the entry outside of META-INF/.
WARNING: META-INF/androidx.tracing_tracing.version not protected by signature. Unauthorized modifications to this JAR entry will not be detected. Delete or move the entry outside of META-INF/.
WARNING: META-INF/androidx.transition_transition.version not protected by signature. Unauthorized modifications to this JAR entry will not be detected. Delete or move the entry outside of META-INF/.
WARNING: META-INF/androidx.vectordrawable_vectordrawable-animated.version not protected by signature. Unauthorized modifications to this JAR entry will not be detected. Delete or move the entry outside of META-INF/.
WARNING: META-INF/androidx.vectordrawable_vectordrawable.version not protected by signature. Unauthorized modifications to this JAR entry will not be detected. Delete or move the entry outside of META-INF/.
WARNING: META-INF/androidx.versionedparcelable_versionedparcelable.version not protected by signature. Unauthorized modifications to this JAR entry will not be detected. Delete or move the entry outside of META-INF/.
WARNING: META-INF/androidx.viewpager2_viewpager2.version not protected by signature. Unauthorized modifications to this JAR entry will not be detected. Delete or move the entry outside of META-INF/.
WARNING: META-INF/androidx.viewpager_viewpager.version not protected by signature. Unauthorized modifications to this JAR entry will not be detected. Delete or move the entry outside of META-INF/.
WARNING: META-INF/androidx.work_work-runtime-ktx.version not protected by signature. Unauthorized modifications to this JAR entry will not be detected. Delete or move the entry outside of META-INF/.
WARNING: META-INF/androidx.work_work-runtime.version not protected by signature. Unauthorized modifications to this JAR entry will not be detected. Delete or move the entry outside of META-INF/.
WARNING: META-INF/annotation-experimental_release.kotlin_module not protected by signature. Unauthorized modifications to this JAR entry will not be detected. Delete or move the entry outside of META-INF/.
WARNING: META-INF/annotation.kotlin_module not protected by signature. Unauthorized modifications to this JAR entry will not be detected. Delete or move the entry outside of META-INF/.
WARNING: META-INF/app_vanillaProdRelease.kotlin_module not protected by signature. Unauthorized modifications to this JAR entry will not be detected. Delete or move the entry outside of META-INF/.
WARNING: META-INF/appcoins.kotlin_module not protected by signature. Unauthorized modifications to this JAR entry will not be detected. Delete or move the entry outside of META-INF/.
WARNING: META-INF/aptoide-ab-testing.kotlin_module not protected by signature. Unauthorized modifications to this JAR entry will not be detected. Delete or move the entry outside of META-INF/.
WARNING: META-INF/aptoide-authentication-core.kotlin_module not protected by signature. Unauthorized modifications to this JAR entry will not be detected. Delete or move the entry outside of META-INF/.
WARNING: META-INF/aptoide-authentication-rx.kotlin_module not protected by signature. Unauthorized modifications to this JAR entry will not be detected. Delete or move the entry outside of META-INF/.
WARNING: META-INF/aptoide-views_prodRelease.kotlin_module not protected by signature. Unauthorized modifications to this JAR entry will not be detected. Delete or move the entry outside of META-INF/.
WARNING: META-INF/com.google.android.material_material.version not protected by signature. Unauthorized modifications to this JAR entry will not be detected. Delete or move the entry outside of META-INF/.
WARNING: META-INF/com.google.dagger_dagger.version not protected by signature. Unauthorized modifications to this JAR entry will not be detected. Delete or move the entry outside of META-INF/.
WARNING: META-INF/com.google.firebase-encoders-firebase-encoders-json.kotlin_module not protected by signature. Unauthorized modifications to this JAR entry will not be detected. Delete or move the entry outside of META-INF/.
WARNING: META-INF/com.google.firebase-firebase-common-ktx.kotlin_module not protected by signature. Unauthorized modifications to this JAR entry will not be detected. Delete or move the entry outside of META-INF/.
WARNING: META-INF/com.google.firebase-firebase-common.kotlin_module not protected by signature. Unauthorized modifications to this JAR entry will not be detected. Delete or move the entry outside of META-INF/.
WARNING: META-INF/com.google.firebase-firebase-crashlytics.kotlin_module not protected by signature. Unauthorized modifications to this JAR entry will not be detected. Delete or move the entry outside of META-INF/.
WARNING: META-INF/com.google.firebase-firebase-installations.kotlin_module not protected by signature. Unauthorized modifications to this JAR entry will not be detected. Delete or move the entry outside of META-INF/.
WARNING: META-INF/com.google.firebase-firebase-sessions.kotlin_module not protected by signature. Unauthorized modifications to this JAR entry will not be detected. Delete or move the entry outside of META-INF/.
WARNING: META-INF/compiler.common.jvm.kotlin_module not protected by signature. Unauthorized modifications to this JAR entry will not be detected. Delete or move the entry outside of META-INF/.
WARNING: META-INF/compiler.common.kotlin_module not protected by signature. Unauthorized modifications to this JAR entry will not be detected. Delete or move the entry outside of META-INF/.
WARNING: META-INF/core-ktx_release.kotlin_module not protected by signature. Unauthorized modifications to this JAR entry will not be detected. Delete or move the entry outside of META-INF/.
WARNING: META-INF/datastore-core.kotlin_module not protected by signature. Unauthorized modifications to this JAR entry will not be detected. Delete or move the entry outside of META-INF/.
WARNING: META-INF/datastore-preferences-core.kotlin_module not protected by signature. Unauthorized modifications to this JAR entry will not be detected. Delete or move the entry outside of META-INF/.
WARNING: META-INF/datastore-preferences-proto.kotlin_module not protected by signature. Unauthorized modifications to this JAR entry will not be detected. Delete or move the entry outside of META-INF/.
WARNING: META-INF/datastore-preferences_release.kotlin_module not protected by signature. Unauthorized modifications to this JAR entry will not be detected. Delete or move the entry outside of META-INF/.
WARNING: META-INF/datastore_release.kotlin_module not protected by signature. Unauthorized modifications to this JAR entry will not be detected. Delete or move the entry outside of META-INF/.
WARNING: META-INF/descriptors.jvm.kotlin_module not protected by signature. Unauthorized modifications to this JAR entry will not be detected. Delete or move the entry outside of META-INF/.
WARNING: META-INF/descriptors.kotlin_module not protected by signature. Unauthorized modifications to this JAR entry will not be detected. Delete or move the entry outside of META-INF/.
WARNING: META-INF/descriptors.runtime.kotlin_module not protected by signature. Unauthorized modifications to this JAR entry will not be detected. Delete or move the entry outside of META-INF/.
WARNING: META-INF/deserialization.common.jvm.kotlin_module not protected by signature. Unauthorized modifications to this JAR entry will not be detected. Delete or move the entry outside of META-INF/.
WARNING: META-INF/deserialization.common.kotlin_module not protected by signature. Unauthorized modifications to this JAR entry will not be detected. Delete or move the entry outside of META-INF/.
WARNING: META-INF/deserialization.kotlin_module not protected by signature. Unauthorized modifications to this JAR entry will not be detected. Delete or move the entry outside of META-INF/.
WARNING: META-INF/epoxy-adapter_release.kotlin_module not protected by signature. Unauthorized modifications to this JAR entry will not be detected. Delete or move the entry outside of META-INF/.
WARNING: META-INF/facebook-bolts_release.kotlin_module not protected by signature. Unauthorized modifications to this JAR entry will not be detected. Delete or move the entry outside of META-INF/.
WARNING: META-INF/facebook-common_release.kotlin_module not protected by signature. Unauthorized modifications to this JAR entry will not be detected. Delete or move the entry outside of META-INF/.
WARNING: META-INF/facebook-core_release.kotlin_module not protected by signature. Unauthorized modifications to this JAR entry will not be detected. Delete or move the entry outside of META-INF/.
WARNING: META-INF/facebook-login_release.kotlin_module not protected by signature. Unauthorized modifications to this JAR entry will not be detected. Delete or move the entry outside of META-INF/.
WARNING: META-INF/kotlin-android-extensions-runtime.kotlin_module not protected by signature. Unauthorized modifications to this JAR entry will not be detected. Delete or move the entry outside of META-INF/.
WARNING: META-INF/kotlin-reflection.kotlin_module not protected by signature. Unauthorized modifications to this JAR entry will not be detected. Delete or move the entry outside of META-INF/.
WARNING: META-INF/kotlin-stdlib-common.kotlin_module not protected by signature. Unauthorized modifications to this JAR entry will not be detected. Delete or move the entry outside of META-INF/.
WARNING: META-INF/kotlin-stdlib-jdk7.kotlin_module not protected by signature. Unauthorized modifications to this JAR entry will not be detected. Delete or move the entry outside of META-INF/.
WARNING: META-INF/kotlin-stdlib-jdk8.kotlin_module not protected by signature. Unauthorized modifications to this JAR entry will not be detected. Delete or move the entry outside of META-INF/.
WARNING: META-INF/kotlin-stdlib.kotlin_module not protected by signature. Unauthorized modifications to this JAR entry will not be detected. Delete or move the entry outside of META-INF/.
WARNING: META-INF/kotlinx-coroutines-android.kotlin_module not protected by signature. Unauthorized modifications to this JAR entry will not be detected. Delete or move the entry outside of META-INF/.
WARNING: META-INF/kotlinx-coroutines-core.kotlin_module not protected by signature. Unauthorized modifications to this JAR entry will not be detected. Delete or move the entry outside of META-INF/.
WARNING: META-INF/kotlinx-coroutines-play-services.kotlin_module not protected by signature. Unauthorized modifications to this JAR entry will not be detected. Delete or move the entry outside of META-INF/.
WARNING: META-INF/kotlinx-coroutines-reactive.kotlin_module not protected by signature. Unauthorized modifications to this JAR entry will not be detected. Delete or move the entry outside of META-INF/.
WARNING: META-INF/kotlinx-coroutines-rx2.kotlin_module not protected by signature. Unauthorized modifications to this JAR entry will not be detected. Delete or move the entry outside of META-INF/.
WARNING: META-INF/kotlinx_coroutines_android.version not protected by signature. Unauthorized modifications to this JAR entry will not be detected. Delete or move the entry outside of META-INF/.
WARNING: META-INF/kotlinx_coroutines_core.version not protected by signature. Unauthorized modifications to this JAR entry will not be detected. Delete or move the entry outside of META-INF/.
WARNING: META-INF/kotlinx_coroutines_play_services.version not protected by signature. Unauthorized modifications to this JAR entry will not be detected. Delete or move the entry outside of META-INF/.
WARNING: META-INF/kotlinx_coroutines_reactive.version not protected by signature. Unauthorized modifications to this JAR entry will not be detected. Delete or move the entry outside of META-INF/.
WARNING: META-INF/kotlinx_coroutines_rx2.version not protected by signature. Unauthorized modifications to this JAR entry will not be detected. Delete or move the entry outside of META-INF/.
WARNING: META-INF/metadata.jvm.kotlin_module not protected by signature. Unauthorized modifications to this JAR entry will not be detected. Delete or move the entry outside of META-INF/.
WARNING: META-INF/metadata.kotlin_module not protected by signature. Unauthorized modifications to this JAR entry will not be detected. Delete or move the entry outside of META-INF/.
WARNING: META-INF/moshi.kotlin_module not protected by signature. Unauthorized modifications to this JAR entry will not be detected. Delete or move the entry outside of META-INF/.
WARNING: META-INF/native-image/io.sentry/sentry/native-image.properties not protected by signature. Unauthorized modifications to this JAR entry will not be detected. Delete or move the entry outside of META-INF/.
WARNING: META-INF/okhttp-logging-interceptor.kotlin_module not protected by signature. Unauthorized modifications to this JAR entry will not be detected. Delete or move the entry outside of META-INF/.
WARNING: META-INF/okhttp.kotlin_module not protected by signature. Unauthorized modifications to this JAR entry will not be detected. Delete or move the entry outside of META-INF/.
WARNING: META-INF/okio.kotlin_module not protected by signature. Unauthorized modifications to this JAR entry will not be detected. Delete or move the entry outside of META-INF/.
WARNING: META-INF/reflect.kotlin_module not protected by signature. Unauthorized modifications to this JAR entry will not be detected. Delete or move the entry outside of META-INF/.
WARNING: META-INF/retrofit.kotlin_module not protected by signature. Unauthorized modifications to this JAR entry will not be detected. Delete or move the entry outside of META-INF/.
WARNING: META-INF/retrofit2-kotlin-coroutine-adapter.kotlin_module not protected by signature. Unauthorized modifications to this JAR entry will not be detected. Delete or move the entry outside of META-INF/.
WARNING: META-INF/services/com.fasterxml.jackson.core.JsonFactory not protected by signature. Unauthorized modifications to this JAR entry will not be detected. Delete or move the entry outside of META-INF/.
WARNING: META-INF/services/com.fasterxml.jackson.core.ObjectCodec not protected by signature. Unauthorized modifications to this JAR entry will not be detected. Delete or move the entry outside of META-INF/.
WARNING: META-INF/services/kotlin.f0.y.e.j0.b.a not protected by signature. Unauthorized modifications to this JAR entry will not be detected. Delete or move the entry outside of META-INF/.
WARNING: META-INF/services/kotlin.f0.y.e.j0.i.e not protected by signature. Unauthorized modifications to this JAR entry will not be detected. Delete or move the entry outside of META-INF/.
WARNING: META-INF/services/kotlinx.coroutines.internal.u not protected by signature. Unauthorized modifications to this JAR entry will not be detected. Delete or move the entry outside of META-INF/.
WARNING: META-INF/services/kotlinx.coroutines.j0 not protected by signature. Unauthorized modifications to this JAR entry will not be detected. Delete or move the entry outside of META-INF/.
WARNING: META-INF/util.runtime.kotlin_module not protected by signature. Unauthorized modifications to this JAR entry will not be detected. Delete or move the entry outside of META-INF/.
WARNING: META-INF/work-runtime-ktx_release.kotlin_module not protected by signature. Unauthorized modifications to this JAR entry will not be detected. Delete or move the entry outside of META-INF/.
WARNING: META-INF/work-runtime_release.kotlin_module not protected by signature. Unauthorized modifications to this JAR entry will not be detected. Delete or move the entry outside of META-INF/.
>>>>>>>>>>>>>>>>>>>>

=== Testing: /users/kevenmen/fuzzing_run_2/corpus//me-velc-devqs-3.apk ===
>>>>> (Start) Test /users/kevenmen/fuzzing_run_2/corpus//me-velc-devqs-3.apk with /users/kevenmen/droidbot/ <<<<<
>> (Info) ZIP OK
>> (Info) APK Summary is Valid
>> (Info) emulation is BROKEN

=== Testing: /users/kevenmen/fuzzing_run_2/corpus//org-bc-bd-mrwhite-6.apk ===
>>>>> (Start) Test /users/kevenmen/fuzzing_run_2/corpus//org-bc-bd-mrwhite-6.apk with /users/kevenmen/droidbot/ <<<<<
>> (Info) ZIP OK
>> (Info) APK Summary is Valid
>> (Info) emulation is OK
10
>>>>>>>>>>>>>>>>>>>>

=== Testing: /users/kevenmen/fuzzing_run_2/corpus//org-billthefarmer-editor-194.apk ===
>>>>> (Start) Test /users/kevenmen/fuzzing_run_2/corpus//org-billthefarmer-editor-194.apk with /users/kevenmen/droidbot/ <<<<<
>> (Info) ZIP OK
>> (Info) APK Summary is Valid
>> (Info) emulation is OK
1
WARNING: META-INF/com/android/build/gradle/app-metadata.properties not protected by signature. Unauthorized modifications to this JAR entry will not be detected. Delete or move the entry outside of META-INF/.
>>>>>>>>>>>>>>>>>>>>

=== Testing: /users/kevenmen/fuzzing_run_2/corpus//weather-shalltry-group.apk ===
>>>>> (Start) Test /users/kevenmen/fuzzing_run_2/corpus//weather-shalltry-group.apk with /users/kevenmen/droidbot/ <<<<<
>> (Info) ZIP OK
>> (Info) APK Summary is Valid
>> (Info) emulation is OK
1
WARNING: META-INF/com/android/build/gradle/app-metadata.properties not protected by signature. Unauthorized modifications to this JAR entry will not be detected. Delete or move the entry outside of META-INF/.
WARNING: META-INF/INDEX.LIST not protected by signature. Unauthorized modifications to this JAR entry will not be detected. Delete or move the entry outside of META-INF/.
WARNING: META-INF/androidx.activity_activity.version not protected by signature. Unauthorized modifications to this JAR entry will not be detected. Delete or move the entry outside of META-INF/.
WARNING: META-INF/androidx.annotation_annotation-experimental.version not protected by signature. Unauthorized modifications to this JAR entry will not be detected. Delete or move the entry outside of META-INF/.
WARNING: META-INF/androidx.appcompat_appcompat-resources.version not protected by signature. Unauthorized modifications to this JAR entry will not be detected. Delete or move the entry outside of META-INF/.
WARNING: META-INF/androidx.appcompat_appcompat.version not protected by signature. Unauthorized modifications to this JAR entry will not be detected. Delete or move the entry outside of META-INF/.
WARNING: META-INF/androidx.arch.core_core-runtime.version not protected by signature. Unauthorized modifications to this JAR entry will not be detected. Delete or move the entry outside of META-INF/.
WARNING: META-INF/androidx.asynclayoutinflater_asynclayoutinflater.version not protected by signature. Unauthorized modifications to this JAR entry will not be detected. Delete or move the entry outside of META-INF/.
WARNING: META-INF/androidx.browser_browser.version not protected by signature. Unauthorized modifications to this JAR entry will not be detected. Delete or move the entry outside of META-INF/.
WARNING: META-INF/androidx.cardview_cardview.version not protected by signature. Unauthorized modifications to this JAR entry will not be detected. Delete or move the entry outside of META-INF/.
WARNING: META-INF/androidx.coordinatorlayout_coordinatorlayout.version not protected by signature. Unauthorized modifications to this JAR entry will not be detected. Delete or move the entry outside of META-INF/.
WARNING: META-INF/androidx.core_core-ktx.version not protected by signature. Unauthorized modifications to this JAR entry will not be detected. Delete or move the entry outside of META-INF/.
WARNING: META-INF/androidx.core_core.version not protected by signature. Unauthorized modifications to this JAR entry will not be detected. Delete or move the entry outside of META-INF/.
WARNING: META-INF/androidx.cursoradapter_cursoradapter.version not protected by signature. Unauthorized modifications to this JAR entry will not be detected. Delete or move the entry outside of META-INF/.
WARNING: META-INF/androidx.customview_customview.version not protected by signature. Unauthorized modifications to this JAR entry will not be detected. Delete or move the entry outside of META-INF/.
WARNING: META-INF/androidx.datastore_datastore-preferences.version not protected by signature. Unauthorized modifications to this JAR entry will not be detected. Delete or move the entry outside of META-INF/.
WARNING: META-INF/androidx.datastore_datastore.version not protected by signature. Unauthorized modifications to this JAR entry will not be detected. Delete or move the entry outside of META-INF/.
WARNING: META-INF/androidx.documentfile_documentfile.version not protected by signature. Unauthorized modifications to this JAR entry will not be detected. Delete or move the entry outside of META-INF/.
WARNING: META-INF/androidx.drawerlayout_drawerlayout.version not protected by signature. Unauthorized modifications to this JAR entry will not be detected. Delete or move the entry outside of META-INF/.
WARNING: META-INF/androidx.fragment_fragment.version not protected by signature. Unauthorized modifications to this JAR entry will not be detected. Delete or move the entry outside of META-INF/.
WARNING: META-INF/androidx.interpolator_interpolator.version not protected by signature. Unauthorized modifications to this JAR entry will not be detected. Delete or move the entry outside of META-INF/.
WARNING: META-INF/androidx.legacy_legacy-support-core-ui.version not protected by signature. Unauthorized modifications to this JAR entry will not be detected. Delete or move the entry outside of META-INF/.
WARNING: META-INF/androidx.legacy_legacy-support-core-utils.version not protected by signature. Unauthorized modifications to this JAR entry will not be detected. Delete or move the entry outside of META-INF/.
WARNING: META-INF/androidx.legacy_legacy-support-v13.version not protected by signature. Unauthorized modifications to this JAR entry will not be detected. Delete or move the entry outside of META-INF/.
WARNING: META-INF/androidx.legacy_legacy-support-v4.version not protected by signature. Unauthorized modifications to this JAR entry will not be detected. Delete or move the entry outside of META-INF/.
WARNING: META-INF/androidx.lifecycle_lifecycle-livedata-core.version not protected by signature. Unauthorized modifications to this JAR entry will not be detected. Delete or move the entry outside of META-INF/.
WARNING: META-INF/androidx.lifecycle_lifecycle-livedata.version not protected by signature. Unauthorized modifications to this JAR entry will not be detected. Delete or move the entry outside of META-INF/.
WARNING: META-INF/androidx.lifecycle_lifecycle-process.version not protected by signature. Unauthorized modifications to this JAR entry will not be detected. Delete or move the entry outside of META-INF/.
WARNING: META-INF/androidx.lifecycle_lifecycle-runtime.version not protected by signature. Unauthorized modifications to this JAR entry will not be detected. Delete or move the entry outside of META-INF/.
WARNING: META-INF/androidx.lifecycle_lifecycle-service.version not protected by signature. Unauthorized modifications to this JAR entry will not be detected. Delete or move the entry outside of META-INF/.
WARNING: META-INF/androidx.lifecycle_lifecycle-viewmodel-savedstate.version not protected by signature. Unauthorized modifications to this JAR entry will not be detected. Delete or move the entry outside of META-INF/.
WARNING: META-INF/androidx.lifecycle_lifecycle-viewmodel.version not protected by signature. Unauthorized modifications to this JAR entry will not be detected. Delete or move the entry outside of META-INF/.
WARNING: META-INF/androidx.loader_loader.version not protected by signature. Unauthorized modifications to this JAR entry will not be detected. Delete or move the entry outside of META-INF/.
WARNING: META-INF/androidx.localbroadcastmanager_localbroadcastmanager.version not protected by signature. Unauthorized modifications to this JAR entry will not be detected. Delete or move the entry outside of META-INF/.
WARNING: META-INF/androidx.media_media.version not protected by signature. Unauthorized modifications to this JAR entry will not be detected. Delete or move the entry outside of META-INF/.
WARNING: META-INF/androidx.palette_palette.version not protected by signature. Unauthorized modifications to this JAR entry will not be detected. Delete or move the entry outside of META-INF/.
WARNING: META-INF/androidx.preference_preference.version not protected by signature. Unauthorized modifications to this JAR entry will not be detected. Delete or move the entry outside of META-INF/.
WARNING: META-INF/androidx.print_print.version not protected by signature. Unauthorized modifications to this JAR entry will not be detected. Delete or move the entry outside of META-INF/.
WARNING: META-INF/androidx.recyclerview_recyclerview.version not protected by signature. Unauthorized modifications to this JAR entry will not be detected. Delete or move the entry outside of META-INF/.
WARNING: META-INF/androidx.room_room-runtime.version not protected by signature. Unauthorized modifications to this JAR entry will not be detected. Delete or move the entry outside of META-INF/.
WARNING: META-INF/androidx.room_room-rxjava2.version not protected by signature. Unauthorized modifications to this JAR entry will not be detected. Delete or move the entry outside of META-INF/.
WARNING: META-INF/androidx.savedstate_savedstate.version not protected by signature. Unauthorized modifications to this JAR entry will not be detected. Delete or move the entry outside of META-INF/.
WARNING: META-INF/androidx.slidingpanelayout_slidingpanelayout.version not protected by signature. Unauthorized modifications to this JAR entry will not be detected. Delete or move the entry outside of META-INF/.
WARNING: META-INF/androidx.sqlite_sqlite-framework.version not protected by signature. Unauthorized modifications to this JAR entry will not be detected. Delete or move the entry outside of META-INF/.
WARNING: META-INF/androidx.sqlite_sqlite.version not protected by signature. Unauthorized modifications to this JAR entry will not be detected. Delete or move the entry outside of META-INF/.
WARNING: META-INF/androidx.startup_startup-runtime.version not protected by signature. Unauthorized modifications to this JAR entry will not be detected. Delete or move the entry outside of META-INF/.
WARNING: META-INF/androidx.swiperefreshlayout_swiperefreshlayout.version not protected by signature. Unauthorized modifications to this JAR entry will not be detected. Delete or move the entry outside of META-INF/.
WARNING: META-INF/androidx.tracing_tracing.version not protected by signature. Unauthorized modifications to this JAR entry will not be detected. Delete or move the entry outside of META-INF/.
WARNING: META-INF/androidx.transition_transition.version not protected by signature. Unauthorized modifications to this JAR entry will not be detected. Delete or move the entry outside of META-INF/.
WARNING: META-INF/androidx.vectordrawable_vectordrawable-animated.version not protected by signature. Unauthorized modifications to this JAR entry will not be detected. Delete or move the entry outside of META-INF/.
WARNING: META-INF/androidx.vectordrawable_vectordrawable.version not protected by signature. Unauthorized modifications to this JAR entry will not be detected. Delete or move the entry outside of META-INF/.
WARNING: META-INF/androidx.versionedparcelable_versionedparcelable.version not protected by signature. Unauthorized modifications to this JAR entry will not be detected. Delete or move the entry outside of META-INF/.
WARNING: META-INF/androidx.viewpager2_viewpager2.version not protected by signature. Unauthorized modifications to this JAR entry will not be detected. Delete or move the entry outside of META-INF/.
WARNING: META-INF/androidx.viewpager_viewpager.version not protected by signature. Unauthorized modifications to this JAR entry will not be detected. Delete or move the entry outside of META-INF/.
WARNING: META-INF/androidx.work_work-runtime-ktx.version not protected by signature. Unauthorized modifications to this JAR entry will not be detected. Delete or move the entry outside of META-INF/.
WARNING: META-INF/androidx.work_work-runtime.version not protected by signature. Unauthorized modifications to this JAR entry will not be detected. Delete or move the entry outside of META-INF/.
WARNING: META-INF/annotation-experimental_release.kotlin_module not protected by signature. Unauthorized modifications to this JAR entry will not be detected. Delete or move the entry outside of META-INF/.
WARNING: META-INF/annotation.kotlin_module not protected by signature. Unauthorized modifications to this JAR entry will not be detected. Delete or move the entry outside of META-INF/.
WARNING: META-INF/app_vanillaProdRelease.kotlin_module not protected by signature. Unauthorized modifications to this JAR entry will not be detected. Delete or move the entry outside of META-INF/.
WARNING: META-INF/appcoins.kotlin_module not protected by signature. Unauthorized modifications to this JAR entry will not be detected. Delete or move the entry outside of META-INF/.
WARNING: META-INF/aptoide-ab-testing.kotlin_module not protected by signature. Unauthorized modifications to this JAR entry will not be detected. Delete or move the entry outside of META-INF/.
WARNING: META-INF/aptoide-authentication-core.kotlin_module not protected by signature. Unauthorized modifications to this JAR entry will not be detected. Delete or move the entry outside of META-INF/.
WARNING: META-INF/aptoide-authentication-rx.kotlin_module not protected by signature. Unauthorized modifications to this JAR entry will not be detected. Delete or move the entry outside of META-INF/.
WARNING: META-INF/aptoide-views_prodRelease.kotlin_module not protected by signature. Unauthorized modifications to this JAR entry will not be detected. Delete or move the entry outside of META-INF/.
WARNING: META-INF/com.google.android.material_material.version not protected by signature. Unauthorized modifications to this JAR entry will not be detected. Delete or move the entry outside of META-INF/.
WARNING: META-INF/com.google.dagger_dagger.version not protected by signature. Unauthorized modifications to this JAR entry will not be detected. Delete or move the entry outside of META-INF/.
WARNING: META-INF/com.google.firebase-encoders-firebase-encoders-json.kotlin_module not protected by signature. Unauthorized modifications to this JAR entry will not be detected. Delete or move the entry outside of META-INF/.
WARNING: META-INF/com.google.firebase-firebase-common-ktx.kotlin_module not protected by signature. Unauthorized modifications to this JAR entry will not be detected. Delete or move the entry outside of META-INF/.
WARNING: META-INF/com.google.firebase-firebase-common.kotlin_module not protected by signature. Unauthorized modifications to this JAR entry will not be detected. Delete or move the entry outside of META-INF/.
WARNING: META-INF/com.google.firebase-firebase-crashlytics.kotlin_module not protected by signature. Unauthorized modifications to this JAR entry will not be detected. Delete or move the entry outside of META-INF/.
WARNING: META-INF/com.google.firebase-firebase-installations.kotlin_module not protected by signature. Unauthorized modifications to this JAR entry will not be detected. Delete or move the entry outside of META-INF/.
WARNING: META-INF/com.google.firebase-firebase-sessions.kotlin_module not protected by signature. Unauthorized modifications to this JAR entry will not be detected. Delete or move the entry outside of META-INF/.
WARNING: META-INF/compiler.common.jvm.kotlin_module not protected by signature. Unauthorized modifications to this JAR entry will not be detected. Delete or move the entry outside of META-INF/.
WARNING: META-INF/compiler.common.kotlin_module not protected by signature. Unauthorized modifications to this JAR entry will not be detected. Delete or move the entry outside of META-INF/.
WARNING: META-INF/core-ktx_release.kotlin_module not protected by signature. Unauthorized modifications to this JAR entry will not be detected. Delete or move the entry outside of META-INF/.
WARNING: META-INF/datastore-core.kotlin_module not protected by signature. Unauthorized modifications to this JAR entry will not be detected. Delete or move the entry outside of META-INF/.
WARNING: META-INF/datastore-preferences-core.kotlin_module not protected by signature. Unauthorized modifications to this JAR entry will not be detected. Delete or move the entry outside of META-INF/.
WARNING: META-INF/datastore-preferences-proto.kotlin_module not protected by signature. Unauthorized modifications to this JAR entry will not be detected. Delete or move the entry outside of META-INF/.
WARNING: META-INF/datastore-preferences_release.kotlin_module not protected by signature. Unauthorized modifications to this JAR entry will not be detected. Delete or move the entry outside of META-INF/.
WARNING: META-INF/datastore_release.kotlin_module not protected by signature. Unauthorized modifications to this JAR entry will not be detected. Delete or move the entry outside of META-INF/.
WARNING: META-INF/descriptors.jvm.kotlin_module not protected by signature. Unauthorized modifications to this JAR entry will not be detected. Delete or move the entry outside of META-INF/.
WARNING: META-INF/descriptors.kotlin_module not protected by signature. Unauthorized modifications to this JAR entry will not be detected. Delete or move the entry outside of META-INF/.
WARNING: META-INF/descriptors.runtime.kotlin_module not protected by signature. Unauthorized modifications to this JAR entry will not be detected. Delete or move the entry outside of META-INF/.
WARNING: META-INF/deserialization.common.jvm.kotlin_module not protected by signature. Unauthorized modifications to this JAR entry will not be detected. Delete or move the entry outside of META-INF/.
WARNING: META-INF/deserialization.common.kotlin_module not protected by signature. Unauthorized modifications to this JAR entry will not be detected. Delete or move the entry outside of META-INF/.
WARNING: META-INF/deserialization.kotlin_module not protected by signature. Unauthorized modifications to this JAR entry will not be detected. Delete or move the entry outside of META-INF/.
WARNING: META-INF/epoxy-adapter_release.kotlin_module not protected by signature. Unauthorized modifications to this JAR entry will not be detected. Delete or move the entry outside of META-INF/.
WARNING: META-INF/facebook-bolts_release.kotlin_module not protected by signature. Unauthorized modifications to this JAR entry will not be detected. Delete or move the entry outside of META-INF/.
WARNING: META-INF/facebook-common_release.kotlin_module not protected by signature. Unauthorized modifications to this JAR entry will not be detected. Delete or move the entry outside of META-INF/.
WARNING: META-INF/facebook-core_release.kotlin_module not protected by signature. Unauthorized modifications to this JAR entry will not be detected. Delete or move the entry outside of META-INF/.
WARNING: META-INF/facebook-login_release.kotlin_module not protected by signature. Unauthorized modifications to this JAR entry will not be detected. Delete or move the entry outside of META-INF/.
WARNING: META-INF/kotlin-android-extensions-runtime.kotlin_module not protected by signature. Unauthorized modifications to this JAR entry will not be detected. Delete or move the entry outside of META-INF/.
WARNING: META-INF/kotlin-reflection.kotlin_module not protected by signature. Unauthorized modifications to this JAR entry will not be detected. Delete or move the entry outside of META-INF/.
WARNING: META-INF/kotlin-stdlib-common.kotlin_module not protected by signature. Unauthorized modifications to this JAR entry will not be detected. Delete or move the entry outside of META-INF/.
WARNING: META-INF/kotlin-stdlib-jdk7.kotlin_module not protected by signature. Unauthorized modifications to this JAR entry will not be detected. Delete or move the entry outside of META-INF/.
WARNING: META-INF/kotlin-stdlib-jdk8.kotlin_module not protected by signature. Unauthorized modifications to this JAR entry will not be detected. Delete or move the entry outside of META-INF/.
WARNING: META-INF/kotlin-stdlib.kotlin_module not protected by signature. Unauthorized modifications to this JAR entry will not be detected. Delete or move the entry outside of META-INF/.
WARNING: META-INF/kotlinx-coroutines-android.kotlin_module not protected by signature. Unauthorized modifications to this JAR entry will not be detected. Delete or move the entry outside of META-INF/.
WARNING: META-INF/kotlinx-coroutines-core.kotlin_module not protected by signature. Unauthorized modifications to this JAR entry will not be detected. Delete or move the entry outside of META-INF/.
WARNING: META-INF/kotlinx-coroutines-play-services.kotlin_module not protected by signature. Unauthorized modifications to this JAR entry will not be detected. Delete or move the entry outside of META-INF/.
WARNING: META-INF/kotlinx-coroutines-reactive.kotlin_module not protected by signature. Unauthorized modifications to this JAR entry will not be detected. Delete or move the entry outside of META-INF/.
WARNING: META-INF/kotlinx-coroutines-rx2.kotlin_module not protected by signature. Unauthorized modifications to this JAR entry will not be detected. Delete or move the entry outside of META-INF/.
WARNING: META-INF/kotlinx_coroutines_android.version not protected by signature. Unauthorized modifications to this JAR entry will not be detected. Delete or move the entry outside of META-INF/.
WARNING: META-INF/kotlinx_coroutines_core.version not protected by signature. Unauthorized modifications to this JAR entry will not be detected. Delete or move the entry outside of META-INF/.
WARNING: META-INF/kotlinx_coroutines_play_services.version not protected by signature. Unauthorized modifications to this JAR entry will not be detected. Delete or move the entry outside of META-INF/.
WARNING: META-INF/kotlinx_coroutines_reactive.version not protected by signature. Unauthorized modifications to this JAR entry will not be detected. Delete or move the entry outside of META-INF/.
WARNING: META-INF/kotlinx_coroutines_rx2.version not protected by signature. Unauthorized modifications to this JAR entry will not be detected. Delete or move the entry outside of META-INF/.
WARNING: META-INF/metadata.jvm.kotlin_module not protected by signature. Unauthorized modifications to this JAR entry will not be detected. Delete or move the entry outside of META-INF/.
WARNING: META-INF/metadata.kotlin_module not protected by signature. Unauthorized modifications to this JAR entry will not be detected. Delete or move the entry outside of META-INF/.
WARNING: META-INF/moshi.kotlin_module not protected by signature. Unauthorized modifications to this JAR entry will not be detected. Delete or move the entry outside of META-INF/.
WARNING: META-INF/native-image/io.sentry/sentry/native-image.properties not protected by signature. Unauthorized modifications to this JAR entry will not be detected. Delete or move the entry outside of META-INF/.
WARNING: META-INF/okhttp-logging-interceptor.kotlin_module not protected by signature. Unauthorized modifications to this JAR entry will not be detected. Delete or move the entry outside of META-INF/.
WARNING: META-INF/okhttp.kotlin_module not protected by signature. Unauthorized modifications to this JAR entry will not be detected. Delete or move the entry outside of META-INF/.
WARNING: META-INF/okio.kotlin_module not protected by signature. Unauthorized modifications to this JAR entry will not be detected. Delete or move the entry outside of META-INF/.
WARNING: META-INF/reflect.kotlin_module not protected by signature. Unauthorized modifications to this JAR entry will not be detected. Delete or move the entry outside of META-INF/.
WARNING: META-INF/retrofit.kotlin_module not protected by signature. Unauthorized modifications to this JAR entry will not be detected. Delete or move the entry outside of META-INF/.
WARNING: META-INF/retrofit2-kotlin-coroutine-adapter.kotlin_module not protected by signature. Unauthorized modifications to this JAR entry will not be detected. Delete or move the entry outside of META-INF/.
WARNING: META-INF/services/com.fasterxml.jackson.core.JsonFactory not protected by signature. Unauthorized modifications to this JAR entry will not be detected. Delete or move the entry outside of META-INF/.
WARNING: META-INF/services/com.fasterxml.jackson.core.ObjectCodec not protected by signature. Unauthorized modifications to this JAR entry will not be detected. Delete or move the entry outside of META-INF/.
WARNING: META-INF/services/kotlin.f0.y.e.j0.b.a not protected by signature. Unauthorized modifications to this JAR entry will not be detected. Delete or move the entry outside of META-INF/.
WARNING: META-INF/services/kotlin.f0.y.e.j0.i.e not protected by signature. Unauthorized modifications to this JAR entry will not be detected. Delete or move the entry outside of META-INF/.
WARNING: META-INF/services/kotlinx.coroutines.internal.u not protected by signature. Unauthorized modifications to this JAR entry will not be detected. Delete or move the entry outside of META-INF/.
WARNING: META-INF/services/kotlinx.coroutines.j0 not protected by signature. Unauthorized modifications to this JAR entry will not be detected. Delete or move the entry outside of META-INF/.
WARNING: META-INF/util.runtime.kotlin_module not protected by signature. Unauthorized modifications to this JAR entry will not be detected. Delete or move the entry outside of META-INF/.
WARNING: META-INF/work-runtime-ktx_release.kotlin_module not protected by signature. Unauthorized modifications to this JAR entry will not be detected. Delete or move the entry outside of META-INF/.
WARNING: META-INF/work-runtime_release.kotlin_module not protected by signature. Unauthorized modifications to this JAR entry will not be detected. Delete or move the entry outside of META-INF/.
>>>>>>>>>>>>>>>>>>>>

